<?xml version="1.0" encoding="UTF-8"?>
<!-- Generated by org.testng.reporters.JUnitReportReporter -->
<testsuite skipped="0" hostname="ravindra" name="com.flipkart.script.SampleTest" tests="1" failures="0" timestamp="16 May 2017 05:54:53 GMT" time="0.028" errors="0">
  <testcase name="testA" time="0.028" classname="com.flipkart.script.SampleTest"/>
</testsuite> <!-- com.flipkart.script.SampleTest -->
